<?xml version="1.0" encoding="UTF-8"?>
<!-- Generated by org.testng.reporters.JUnitReportReporter -->
<testsuite hostname="Avinashs-Air.bbrouter" failures="0" tests="1" name="com.orangehrm.pages.LoginPage" time="0.002" errors="0" timestamp="2024-05-14T09:48:19 IST" skipped="0">
  <testcase classname="com.orangehrm.pages.LoginPage" name="login" time="0.002"/>
  <system-out/>
</testsuite> <!-- com.orangehrm.pages.LoginPage -->
